<?xml version="1.0" encoding="UTF-8"?>
<testsuite xmlns:xsi="http://www.w3.org/2001/XMLSchema-instance" xsi:noNamespaceSchemaLocation="https://maven.apache.org/surefire/maven-surefire-plugin/xsd/surefire-test-report-3.0.xsd" version="3.0" name="petstore.PetStoreTest" time="4.857" tests="1" errors="0" skipped="0" failures="0">
  <properties>
[...]
</properties>
  <testcase name="[1:6] Creación, búsqueda (por id y status) y modificación de mascota" classname="petstore/petstore" time="3.956">
    <system-out><![CDATA[20:33:30.474 [main] DEBUG com.intuit.karate.Suite - [config] classpath:karate-config.js
20:33:31.752 [main] DEBUG com.intuit.karate - request:
1 > POST https://petstore.swagger.io/v2/pet
1 > Content-Type: application/json; charset=UTF-8
1 > Content-Length: 171
1 > Host: petstore.swagger.io
1 > Connection: Keep-Alive
1 > User-Agent: Apache-HttpClient/4.5.14 (Java/21.0.2)
1 > Accept-Encoding: gzip,deflate
{"id":123456,"category":{"id":1,"name":"Dogs"},"name":"Doggie","photoUrls":["https:\/\/example.com\/photo1.jpg"],"tags":[{"id":10,"name":"friendly"}],"status":"available"}

20:33:32.361 [main] DEBUG com.intuit.karate - response time in milliseconds: 605
1 < 200
1 < Date: Fri, 19 Dec 2025 01:33:34 GMT
1 < Content-Type: application/json
1 < Transfer-Encoding: chunked
1 < Connection: keep-alive
1 < Access-Control-Allow-Origin: *
1 < Access-Control-Allow-Methods: GET, POST, DELETE, PUT
1 < Access-Control-Allow-Headers: Content-Type, api_key, Authorization
1 < Server: Jetty(9.2.9.v20150224)
{"id":123456,"category":{"id":1,"name":"Dogs"},"name":"Doggie","photoUrls":["https://example.com/photo1.jpg"],"tags":[{"id":10,"name":"friendly"}],"status":"available"}

20:33:32.399 [main] DEBUG com.intuit.karate - request:
2 > GET https://petstore.swagger.io/v2/pet/123456
2 > Host: petstore.swagger.io
2 > Connection: Keep-Alive
2 > User-Agent: Apache-HttpClient/4.5.14 (Java/21.0.2)
2 > Accept-Encoding: gzip,deflate


20:33:32.701 [main] DEBUG com.intuit.karate - response time in milliseconds: 302
2 < 200
2 < Date: Fri, 19 Dec 2025 01:33:34 GMT
2 < Content-Type: application/json
2 < Transfer-Encoding: chunked
2 < Connection: keep-alive
2 < Access-Control-Allow-Origin: *
2 < Access-Control-Allow-Methods: GET, POST, DELETE, PUT
2 < Access-Control-Allow-Headers: Content-Type, api_key, Authorization
2 < Server: Jetty(9.2.9.v20150224)
{"id":123456,"category":{"id":1,"name":"Dogs"},"name":"Doggie","photoUrls":["https://example.com/photo1.jpg"],"tags":[{"id":10,"name":"friendly"}],"status":"available"}

20:33:32.775 [main] DEBUG com.intuit.karate - request:
3 > POST https://petstore.swagger.io/v2/pet/123456
3 > Content-Type: application/x-www-form-urlencoded
3 > Content-Length: 11
3 > Host: petstore.swagger.io
3 > Connection: Keep-Alive
3 > User-Agent: Apache-HttpClient/4.5.14 (Java/21.0.2)
3 > Accept-Encoding: gzip,deflate
status=sold

20:33:33.084 [main] DEBUG com.intuit.karate - response time in milliseconds: 309
3 < 200
3 < Date: Fri, 19 Dec 2025 01:33:34 GMT
3 < Content-Type: application/json
3 < Transfer-Encoding: chunked
3 < Connection: keep-alive
3 < Access-Control-Allow-Origin: *
3 < Access-Control-Allow-Methods: GET, POST, DELETE, PUT
3 < Access-Control-Allow-Headers: Content-Type, api_key, Authorization
3 < Server: Jetty(9.2.9.v20150224)
{"code":200,"type":"unknown","message":"123456"}

20:33:33.089 [main] DEBUG com.intuit.karate - request:
4 > GET https://petstore.swagger.io/v2/pet/findByStatus?status=sold
4 > Host: petstore.swagger.io
4 > Connection: Keep-Alive
4 > User-Agent: Apache-HttpClient/4.5.14 (Java/21.0.2)
4 > Accept-Encoding: gzip,deflate


20:33:33.488 [main] DEBUG com.intuit.karate - response time in milliseconds: 398
4 < 200
4 < Date: Fri, 19 Dec 2025 01:33:35 GMT
4 < Content-Type: application/json
4 < Transfer-Encoding: chunked
4 < Connection: keep-alive
4 < Access-Control-Allow-Origin: *
4 < Access-Control-Allow-Methods: GET, POST, DELETE, PUT
4 < Access-Control-Allow-Headers: Content-Type, api_key, Authorization
4 < Server: Jetty(9.2.9.v20150224)
[{"id":57829401,"category":{"id":84382571,"name":"Ali"},"name":"Ahmet","photoUrls":["officia","laborum","in ad incididunt labore exercitation","laborum deserunt do non","proident ea nisi veniam"],"tags":[{"id":-82538028,"name":"Can"},{"id":-22871013,"name":"Gamze"},{"id":-60691501,"name":"Ceren"},{"id":6458767,"name":"Gamze"},{"id":35661081,"name":"Elif"}],"status":"sold"},{"id":32504413,"category":{"id":50825176,"name":"Elif"},"name":"Ceren","photoUrls":["esse","non eiusmod dolore sit","veniam officia","do officia ut et aliquip","adipisicing consectetur ullamco ut"],"tags":[{"id":-99820778,"name":"Gamze"},{"id":45997385,"name":"Can"},{"id":-92984047,"name":"Ayşe"},{"id":27426992,"name":"Gamze"},{"id":-31649707,"name":"Gamze"}],"status":"sold"},{"id":12,"category":{"id":0,"name":"dogs"},"photoUrls":["string"],"tags":[{"id":0,"name":"string"}],"status":"sold"},{"id":9223372036854775562,"category":{"id":-86614229,"name":"Mustafa"},"name":"Can","photoUrls":["Ut sint officia","magna consectetur","id Duis sit","laboris tempor consequat in","minim adipisicing exercitation cillum ipsum"],"tags":[{"id":47321923,"name":"Mehmet"},{"id":7607624,"name":"Emre"},{"id":42056962,"name":"Gamze"},{"id":25655025,"name":"Burak"},{"id":-22045155,"name":"Can"}],"status":"sold"},{"id":9223372036854775587,"category":{"id":11326923,"name":"dolore est anim"},"name":"doggie","photoUrls":["enim in ullamco sunt","dolore dolore est nostrud","aliqua in U","amet","irure minim "],"tags":[{"id":-57315094,"name":"donon est"},{"id":17233189,"name":"consequat"},{"id":-29891838,"name":"sunt ex"},{"id":-11444611,"name":"et aliqua s"},{"id":-87615491,"name":"in esse"}],"status":"sold"},{"id":1766078550093,"category":{"id":1,"name":"Dogs"},"name":"BuddyUpdated","photoUrls":["http://example.com/photo1.jpg"],"tags":[{"id":1,"name":"friendly"}],"status":"sold"},{"id":1766078550648,"category":{"id":1,"name":"Dogs"},"name":"BuddyPerformance","photoUrls":["http://example.com/photo1.jpg"],"tags":[{"id":1,"name":"friendly"}],"status":"sold"},{"id":1766078550728,"category":{"id":1,"name":"Dogs"},"name":"BuddySchema","photoUrls":["http://example.com/photo1.jpg"],"tags":[{"id":1,"name":"friendly"}],"status":"sold"},{"id":1766078551102,"category":{"id":2,"name":"Cats"},"name":"Max","photoUrls":["http://example.com/photo1.jpg","http://example.com/photo2.jpg"],"tags":[{"id":1,"name":"friendly"},{"id":2,"name":"playful"}],"status":"sold"},{"id":1766078551258,"category":{"id":1,"name":"Dogs"},"name":"BuddyForm","photoUrls":["http://example.com/photo1.jpg"],"tags":[{"id":1,"name":"friendly"}],"status":"sold"},{"id":9223372036854775659,"category":{"id":-99216494,"name":"Emre"},"name":"Fatma","photoUrls":["aute velit ipsum","nostrud","laboris qui sed","dolor","voluptate sed velit in Ut"],"tags":[{"id":90342749,"name":"Zeynep"},{"id":8837083,"name":"Ali"},{"id":-92670933,"name":"Emre"},{"id":-65826325,"name":"Ceren"},{"id":7818885,"name":"Zeynep"}],"status":"sold"},{"id":54547143,"category":{"id":-33350834,"name":"Gamze"},"name":"Elif","photoUrls":["sit","ad exercitation quis ea","ullamco nisi occaecat","commodo nisi","dolore Lorem"],"tags":[{"id":63416232,"name":"Ayşe"},{"id":49319956,"name":"Ali"},{"id":-587119,"name":"Mehmet"},{"id":-46797705,"name":"Ayşe"},{"id":-51736714,"name":"Deniz"}],"status":"sold"},{"id":2016,"category":{"id":10,"name":"суперкот"},"name":"МегаАлиса","photoUrls":["string"],"tags":[{"id":10,"name":"string"}],"status":"sold"},{"id":13,"category":{"id":0,"name":"cats"},"photoUrls":["string"],"tags":[{"id":0,"name":"string"}],"status":"sold"},{"id":704648,"category":{"id":62033483,"name":"Burak"},"name":"Mustafa","photoUrls":["enim aute","aliqua amet","Duis Lorem anim aliquip","reprehenderit tempor consectetur quis in","Lorem ex anim cupidatat"],"tags":[{"id":85937776,"name":"Ahmet"},{"id":-21461363,"name":"Mustafa"},{"id":-75997432,"name":"Ceren"},{"id":97576540,"name":"Zeynep"},{"id":-31352059,"name":"Ahmet"}],"status":"sold"},{"id":76342797,"category":{"id":-51928180,"name":"consequat deserunt"},"name":"doggie","photoUrls":["proident consectetur dolor enim","eiusmod ut ex"],"tags":[{"id":-79491736,"name":"officia elit esse"},{"id":-95156536,"name":"consequat ullamco"}],"status":"sold"},{"id":56331470,"category":{"id":28262311,"name":"nostrud proident"},"name":"doggie","photoUrls":["sunt dolor veniam aliqua","nulla anim ex"],"tags":[{"id":21515670,"name":"voluptate in elit ani"},{"id":-36858804,"name":"proident non deserunt"}],"status":"sold"},{"id":91507602,"category":{"id":-95494262,"name":"sit ea"},"name":"doggie","photoUrls":["deserunt","id sint et"],"tags":[{"id":-54029842,"name":"ullamco"},{"id":13198949,"name":"id"}],"status":"sold"},{"id":3903023,"category":{"id":-56789506,"name":"cillum p"},"name":"doggie","photoUrls":["aliquip Excepteur","commodo dolore consequat eu"],"tags":[{"id":60937326,"name":"irure in"},{"id":20218536,"name":"sint consectetur ad voluptate"}],"status":"sold"},{"id":3708840,"category":{"id":9855812,"name":"Duis in commodo"},"name":"doggie","photoUrls":["minim id in sit","est esse culpa nisi"],"tags":[{"id":-89808508,"name":"sit"},{"id":-5238278,"name":"dolor in"}],"status":"sold"},{"id":24093935,"category":{"id":-6714225,"name":"do magna"},"name":"doggie","photoUrls":["aute","velit"],"tags":[{"id":71561130,"name":"deserunt ut occaecat"},{"id":-1195842,"name":"nulla nostrud occaeca"}],"status":"sold"},{"id":4974911,"category":{"id":-71458712,"name":"Fatma"},"name":"Ali","photoUrls":["nisi Lorem in fugiat","Duis voluptate mollit eiusmod quis","Lorem nisi","amet anim sit mollit eu","proident reprehenderit eiusmod aute est"],"tags":[{"id":38999422,"name":"Deniz"},{"id":22416217,"name":"Gamze"},{"id":64406152,"name":"Fatma"},{"id":-66779991,"name":"Ceren"},{"id":-24671559,"name":"Mustafa"}],"status":"sold"},{"id":91184828,"category":{"id":85252808,"name":"Mustafa"},"name":"Emre","photoUrls":["eiusmod laboris dolor ad cupidatat","anim incididunt consequat et","magna eu occaecat in aute","veniam ut enim","Lorem aliqua"],"tags":[{"id":55816210,"name":"Ali"},{"id":-96007717,"name":"Ahmet"},{"id":21720672,"name":"Ceren"},{"id":-24079683,"name":"Zeynep"},{"id":-43645068,"name":"Gamze"}],"status":"sold"},{"id":19440521,"category":{"id":-12426091,"name":"Mustafa"},"name":"Zeynep","photoUrls":["ex","reprehenderit eiusmod anim sed labore","ipsum nostrud","non qui in voluptate","ea est occaecat"],"tags":[{"id":65084161,"name":"Ceren"},{"id":91739369,"name":"Mehmet"},{"id":10251410,"name":"Ayşe"},{"id":18077388,"name":"Fatma"},{"id":85347812,"name":"Ceren"}],"status":"sold"},{"id":1002,"category":{"id":20,"name":"Dog"},"name":"Spike","photoUrls":[],"tags":[{"id":1,"name":"Vermifugado"}],"status":"sold"},{"id":1005,"category":{"id":50,"name":"Cat"},"name":"Max","photoUrls":[],"tags":[{"id":1,"name":"Vermifugado"}],"status":"sold"},{"id":1008,"category":{"id":80,"name":"Dog"},"name":"Lucy","photoUrls":[],"tags":[{"id":1,"name":"Vermifugado"}],"status":"sold"},{"id":6,"category":{"id":9770,"name":"string"},"name":"doggie","photoUrls":["string","string"],"tags":[{"id":7376,"name":"string"},{"id":760,"name":"string"}],"status":"sold"},{"id":62751340,"category":{"id":-37441254,"name":"aute cillum voluptate veniam"},"name":"doggie","photoUrls":["mollit veniam","dolor enim reprehenderit"],"tags":[{"id":91709679,"name":"anim adipisicing"},{"id":919209,"name":"sint anim"}],"status":"sold"},{"id":9223372036854773917,"category":{"id":0,"name":"string"},"name":"boss2.0","photoUrls":["string"],"tags":[{"id":0,"name":"string"}],"status":"sold"},{"id":777123,"category":{"id":777123,"name":"fish"},"name":"Nemo","photoUrls":["https://img1.fonwall.ru/o/hl/sea-photography-flower-underwater.jpeg?route=mid&amp;h=750","https://img1.fonwall.ru/o/hl/sea-photography-flower-underwater.jpeg?route=mid&amp;h=750"],"tags":[{"id":123,"name":"priff"},{"id":123,"name":"ribka"}],"status":"sold"},{"id":2022000,"category":{"id":0,"name":"bird"},"name":"Star","photoUrls":["string"],"tags":[{"id":0,"name":"shy"}],"status":"sold"},{"id":51338511,"category":{"id":43003430,"name":"ex ullamco"},"name":"doggie","photoUrls":["sit ipsum","nulla eu aliqua incididunt"],"tags":[{"id":1864541,"name":"anim elit amet"},{"id":98553871,"name":"ut"}],"status":"sold"},{"id":71551342,"category":{"id":14955550,"name":"ipsum do amet"},"name":"doggie","photoUrls":["dolore dolor","pariatur elit ea"],"tags":[{"id":-17398234,"name":"non ex"},{"id":-32010324,"name":"ut culpa aliqua est non"}],"status":"sold"},{"id":33377689,"category":{"id":-5871190,"name":"in voluptate velit proident"},"name":"doggie","photoUrls":["amet in","aute in"],"tags":[{"id":-26593919,"name":"tempor eiusmod ipsum"},{"id":78722837,"name":"in sit ullamco aliqua qui"}],"status":"sold"},{"id":5644444,"category":{"id":566555,"name":"nulla minim laborum deserunt"},"name":"Собака","photoUrls":["anim ullamco laborum eu","eiusm"],"tags":[{"id":10156776,"name":"cillum adipisicing"},{"id":-53013483,"name":"sit Ut enim dolore"}],"status":"sold"},{"id":70119872,"category":{"id":93142102,"name":"Змея"},"name":"Анаконда","photoUrls":["mollit","https://irecommend.ru/sites/default/files/product-images/98227/3lJyZagay9aoxv06o6TJCQ.jpg"],"tags":[{"id":-19037377,"name":"deserunt veniam nulla reprehenderit"},{"id":51503358,"name":"ullamco aliqua Excepteur cillum"}],"status":"sold"},{"id":70119872000,"category":{"id":93142102,"name":"Заяц французский 2"},"name":"LAPIN LAPIN","photoUrls":["mollit","https://irecommend.ru/sites/default/files/product-images/98227/3lJyZagay9aoxv06o6TJCQ.jpg"],"tags":[{"id":-19037377,"name":"deserunt veniam nulla reprehenderit"},{"id":51503358,"name":"ullamco aliqua Excepteur cillum"}],"status":"sold"},{"id":38480305,"category":{"id":-59161747,"name":"Duis voluptate consequat"},"name":"doggie","photoUrls":["ex enim ","nisi est"],"tags":[{"id":49121599,"name":"non anim exercitation"},{"id":2672065,"name":"sint"}],"status":"sold"},{"id":52931566,"category":{"id":91307171,"name":"sint aliqua"},"name":"doggie","photoUrls":["ut culpa null","quis"],"tags":[{"id":-40794559,"name":"velit proident nulla"},{"id":-14228534,"name":"ess"}],"status":"sold"},{"id":87705905,"category":{"id":22032096,"name":"reprehenderit in minim"},"name":"doggie","photoUrls":["cillum Ut ","et adipisicing consequat"],"tags":[{"id":-14103627,"name":"reprehenderit"},{"id":47181501,"name":"occaecat"}],"status":"sold"},{"id":24364310,"category":{"id":-12307344,"name":"kitten бфрмалейка"},"name":"kitten1","photoUrls":["dolor in","occaecat dolore consectetur adipisicing"],"tags":[{"id":-22679152,"name":"non ex"},{"id":33284191,"name":"sed pariatur in"}],"status":"sold"},{"id":23437566,"category":{"id":-46393995,"name":"ex ea culpa"},"name":"doggie","photoUrls":["ut ex veniam dolor","in aliquip"],"tags":[{"id":91638732,"name":"Excepteur ea commodo esse"},{"id":42980181,"name":"nulla officia ut labore"}],"status":"sold"},{"id":60,"category":{"id":0,"name":"string"},"name":"doggie","photoUrls":["string"],"tags":[{"id":0,"name":"string"}],"status":"sold"},{"id":79897977,"category":{"id":-43696612,"name":"exercitation"},"name":"doggie","photoUrls":["dolor","velit voluptate"],"tags":[{"id":59218385,"name":"aliqua"},{"id":72829050,"name":"nostrud ut"}],"status":"sold"},{"id":62348053,"category":{"id":38125450,"name":"in ipsum eu exercitation"},"name":"doggie","photoUrls":["reprehenderit velit enim voluptate","sit aliquip"],"tags":[{"id":-75638954,"name":"Ut"},{"id":-32534044,"name":"occaecat qui commodo"}],"status":"sold"},{"id":23327731,"category":{"id":-92357313,"name":"reprehenderit ut nostrud ut"},"name":"doggie","photoUrls":["Lorem laboris","laboris"],"tags":[{"id":89386643,"name":"elit esse cillum"},{"id":-23396785,"name":"minim consectetur"}],"status":"sold"},{"id":1711982,"category":{"id":52551857,"name":"non Lorem tempor"},"name":"doggie","photoUrls":["veniam","reprehenderit commodo proident occaecat"],"tags":[{"id":-12689894,"name":"veniam mollit"},{"id":-27514803,"name":"sed ullamco ut"}],"status":"sold"},{"id":24572652,"category":{"id":70314021,"name":"adipisicing dolore"},"name":"doggie","photoUrls":["magna dolor Ut in","in eiusm"],"tags":[{"id":85643839,"name":"aliquip sit dolor"},{"id":-89364963,"name":"elit id reprehenderit eiusmod exercitation"}],"status":"sold"},{"id":76621170,"category":{"id":16364966,"name":"Ut cupidatat velit irure minim"},"name":"doggie","photoUrls":["dolore quis","elit ea aliqua dolor adipisicing"],"tags":[{"id":24591216,"name":"ullamco magna laborum ut"},{"id":52512638,"name":"sunt non Lorem"}],"status":"sold"},{"id":82188160,"category":{"id":81640824,"name":"nisi exercitation reprehenderit dolore"},"name":"doggie","photoUrls":["proident eu enim","mollit cillum nisi"],"tags":[{"id":6316356,"name":"laborum magn"},{"id":73149614,"name":"veniam fugiat amet si"}],"status":"sold"},{"id":40010473,"category":{"id":-13430874,"name":"in fugiat ipsum"},"name":"doggie","photoUrls":["proident sed ut","aute laboris elit occaecat aliquip"],"tags":[{"id":-64712721,"name":"ad"},{"id":40504054,"name":"in"}],"status":"sold"},{"id":90369791,"category":{"id":-28594492,"name":"ad"},"name":"doggie","photoUrls":["nulla ipsum dolor","cillum"],"tags":[{"id":16964237,"name":"velit aliquip occaecat voluptate"},{"id":-32143651,"name":"sed nulla sint"}],"status":"sold"},{"id":999998,"name":"Barker","photoUrls":[],"tags":[],"status":"sold"},{"id":38541659,"category":{"id":-70999792,"name":"dolore aliqua irure"},"name":"doggie","photoUrls":["cupidatat quis","ipsum deserunt"],"tags":[{"id":96985450,"name":"proident adipisicing officia"},{"id":-17203769,"name":"sunt reprehenderit"}],"status":"sold"},{"id":33845545,"category":{"id":-13100367,"name":"deserunt aute irure"},"name":"doggie","photoUrls":["dolore reprehenderit adipisicing sed","tempor irure consectetur amet"],"tags":[{"id":-43225306,"name":"laborum proident Excepteur"},{"id":-7466415,"name":"ut in cupidatat laboris"}],"status":"sold"},{"id":9,"category":{"id":0,"name":"cats"},"name":"King Kong","photoUrls":["string"],"tags":[{"id":0,"name":"string"}],"status":"sold"},{"id":49199499,"category":{"id":20305865,"name":"et cupidatat nisi incididunt"},"name":"doggie","photoUrls":["sunt esse consequat","Ut nostrud anim adipisicing"],"tags":[{"id":33995919,"name":"tempor non nostrud"},{"id":-54707686,"name":"qui pariatur"}],"status":"sold"},{"id":36872199,"category":{"id":87131763,"name":"consectetur"},"name":"doggie","photoUrls":["officia","fugiat Duis sint"],"tags":[{"id":-32111804,"name":"sit consectetur"},{"id":-4313164,"name":"consectetur nulla laborum id"}],"status":"sold"},{"id":50,"category":{"id":2,"name":"dog_category50"},"name":"dognamesold","photoUrls":["string"],"tags":[{"id":51,"name":"dognamesold"}],"status":"sold"},{"id":78560,"category":{"id":0,"name":"Rex_Updated"},"name":"doggie","photoUrls":[],"tags":[{"id":0,"name":"tag1"}],"status":"sold"},{"id":1011,"category":{"id":110,"name":"Cat"},"name":"Buddy","photoUrls":[],"tags":[{"id":1,"name":"Vermifugado"}],"status":"sold"},{"id":1014,"category":{"id":140,"name":"Dog"},"name":"Maggie","photoUrls":[],"tags":[{"id":1,"name":"Vermifugado"}],"status":"sold"},{"id":1017,"category":{"id":170,"name":"Cat"},"name":"Zoey","photoUrls":[],"tags":[{"id":1,"name":"Vermifugado"}],"status":"sold"},{"id":1020,"category":{"id":200,"name":"Dog"},"name":"Toby","photoUrls":[],"tags":[{"id":1,"name":"Vermifugado"}],"status":"sold"},{"id":1023,"category":{"id":230,"name":"Cat"},"name":"Stella","photoUrls":[],"tags":[{"id":1,"name":"Vermifugado"}],"status":"sold"},{"id":17,"name":"Special_char_owner_!@#$^&()`.testing","photoUrls":["https://petstore3.swagger.io/resources/photos/623389095.jpg"],"tags":[],"status":"sold"},{"id":19467,"name":"見響见响仮仏!$%&()*+,-ƄƅƆḞḟṀʶʷʸăĄą","photoUrls":["https://petstore3.swagger.io/resources/photos/623389095.jpg"],"tags":[],"status":"sold"},{"id":23688827,"category":{"id":38199557,"name":"officia in"},"name":"doggie","photoUrls":["culpa aliqua do Ut","pariatur non qui"],"tags":[{"id":-59409203,"name":"irure id dolor D"},{"id":-8983193,"name":"amet Duis"}],"status":"sold"},{"id":123456,"category":{"id":1,"name":"Dogs"},"name":"Doggie","photoUrls":["https://example.com/photo1.jpg"],"tags":[{"id":10,"name":"friendly"}],"status":"sold"},{"id":158555762,"category":{"id":-29245128,"name":"incididunt"},"name":"executing_from_test","photoUrls":["dolore Excepteur est","consequat in labore"],"tags":[{"id":-55902183,"name":"Lorem laboris nulla"},{"id":67424482,"name":"incididunt ipsum eiusmod"}],"status":"sold"}]

---------------------------------------------------------
feature: classpath:petstore/petstore.feature
scenarios:  1 | passed:  1 | failed:  0 | time: 2,0580
---------------------------------------------------------

Karate version: 1.4.1
======================================================
elapsed:   3,89 | threads:    1 | thread time: 2,06 
features:     1 | skipped:    0 | efficiency: 0,53
scenarios:    1 | passed:     1 | failed: 0
======================================================

HTML report: (paste into browser to view) | Karate version: 1.4.1
file:///D:/Projects/Devsu/demoblaze-test/APIs/target/karate-reports/karate-summary.html
===================================================================

]]></system-out>
  </testcase>
</testsuite>